Sat Jan 27 2018 09:52:52 GMT-0800 (Pacific Standard Time): GET /
Mon Jan 29 2018 08:30:52 GMT-0800 (Pacific Standard Time): GET /
Mon Jan 29 2018 08:30:53 GMT-0800 (Pacific Standard Time): GET /favicon.ico
Mon Jan 29 2018 08:30:56 GMT-0800 (Pacific Standard Time): GET /about
Mon Jan 29 2018 08:30:57 GMT-0800 (Pacific Standard Time): GET /favicon.ico
Mon Jan 29 2018 08:33:17 GMT-0800 (Pacific Standard Time): GET /about
Mon Jan 29 2018 08:33:18 GMT-0800 (Pacific Standard Time): GET /favicon.ico
Mon Jan 29 2018 08:33:23 GMT-0800 (Pacific Standard Time): GET /help.html
Mon Jan 29 2018 08:33:23 GMT-0800 (Pacific Standard Time): GET /favicon.ico
Tue Jan 30 2018 09:31:48 GMT-0800 (Pacific Standard Time): GET /
Tue Jan 30 2018 09:31:48 GMT-0800 (Pacific Standard Time): GET /favicon.ico
Tue Jan 30 2018 09:31:50 GMT-0800 (Pacific Standard Time): GET /
Tue Jan 30 2018 09:31:51 GMT-0800 (Pacific Standard Time): GET /about
Tue Jan 30 2018 13:11:37 GMT-0800 (Pacific Standard Time): GET /
Tue Jan 30 2018 13:11:37 GMT-0800 (Pacific Standard Time): GET /favicon.ico
Tue Jan 30 2018 13:12:14 GMT-0800 (Pacific Standard Time): GET /
Tue Jan 30 2018 13:12:19 GMT-0800 (Pacific Standard Time): GET /projects
Wed Jan 31 2018 10:04:52 GMT-0800 (Pacific Standard Time): GET /
Wed Jan 31 2018 10:04:52 GMT-0800 (Pacific Standard Time): GET /favicon.ico
Wed Jan 31 2018 10:07:42 GMT-0800 (Pacific Standard Time): GET /
Wed Jan 31 2018 10:07:44 GMT-0800 (Pacific Standard Time): GET /projects
Wed Jan 31 2018 10:07:47 GMT-0800 (Pacific Standard Time): GET /about
